2025-02-07 08:54:32.070 [INFO ] [restartedMain] org.springframework.boot.StartupInfoLogger.logStarting:53 - Starting ProductManagerApplication using Java 17.0.6 with PID 40529 (/Users/sakat/git/ManegerProduct/product_manager/bin/main started by sakat in /Users/sakat/git/ManegerProduct/product_manager)
2025-02-07 08:54:32.074 [DEBUG] [restartedMain] org.springframework.boot.StartupInfoLogger.logStarting:54 - Running with Spring Boot v3.4.2, Spring v6.2.2
2025-02-07 08:54:32.078 [INFO ] [restartedMain] org.springframework.boot.SpringApplication.logStartupProfileInfo:658 - The following 1 profile is active: "develop"
2025-02-07 08:54:32.122 [INFO ] [restartedMain] org.springframework.boot.logging.DeferredLog.logTo:252 - Devtools property defaults active! Set 'spring.devtools.add-properties' to 'false' to disable
2025-02-07 08:54:32.123 [INFO ] [restartedMain] org.springframework.boot.logging.DeferredLog.logTo:252 - For additional web related logging consider setting the 'logging.level.web' property to 'DEBUG'
2025-02-07 08:54:32.825 [INFO ] [restartedMain] org.springframework.data.repository.config.RepositoryConfigurationDelegate.registerRepositoriesIn:143 - Bootstrapping Spring Data JPA repositories in DEFAULT mode.
2025-02-07 08:54:32.889 [INFO ] [restartedMain] org.springframework.data.repository.config.RepositoryConfigurationDelegate.registerRepositoriesIn:211 - Finished Spring Data repository scanning in 55 ms. Found 1 JPA repository interface.
2025-02-07 08:54:33.393 [INFO ] [restartedMain] org.springframework.boot.web.embedded.tomcat.TomcatWebServer.initialize:111 - Tomcat initialized with port 8080 (http)
2025-02-07 08:54:33.444 [INFO ] [restartedMain] org.springframework.boot.web.servlet.context.ServletWebServerApplicationContext.prepareWebApplicationContext:296 - Root WebApplicationContext: initialization completed in 1321 ms
2025-02-07 08:54:34.087 [INFO ] [restartedMain] org.springframework.orm.jpa.persistenceunit.SpringPersistenceUnitInfo.addTransformer:87 - No LoadTimeWeaver setup: ignoring JPA class transformer
2025-02-07 08:54:34.190 [WARN ] [restartedMain] org.hibernate.dialect.Dialect.checkVersion:354 - HHH000511: The 5.7.44 version for [org.hibernate.dialect.MySQLDialect] is no longer supported, hence certain features may not work properly. The minimum supported version is 8.0.0. Check the community dialects project for available legacy versions.
2025-02-07 08:54:34.695 [INFO ] [restartedMain] org.springframework.orm.jpa.AbstractEntityManagerFactoryBean.buildNativeEntityManagerFactory:447 - Initialized JPA EntityManagerFactory for persistence unit 'default'
2025-02-07 08:54:34.995 [WARN ] [restartedMain] org.springframework.boot.autoconfigure.orm.jpa.JpaBaseConfiguration$JpaWebConfiguration.openEntityManagerInViewInterceptor:241 - spring.jpa.open-in-view is enabled by default. Therefore, database queries may be performed during view rendering. Explicitly configure spring.jpa.open-in-view to disable this warning
2025-02-07 08:54:35.391 [INFO ] [restartedMain] org.springframework.boot.devtools.autoconfigure.OptionalLiveReloadServer.startServer:59 - LiveReload server is running on port 35729
2025-02-07 08:54:35.440 [INFO ] [restartedMain] org.springframework.boot.web.embedded.tomcat.TomcatWebServer.start:243 - Tomcat started on port 8080 (http) with context path '/'
2025-02-07 08:54:35.457 [INFO ] [restartedMain] org.springframework.boot.StartupInfoLogger.logStarted:59 - Started ProductManagerApplication in 4.213 seconds (process running for 5.064)
2025-02-07 08:54:53.971 [INFO ] [http-nio-8080-exec-1] org.springframework.web.servlet.FrameworkServlet.initServletBean:532 - Initializing Servlet 'dispatcherServlet'
2025-02-07 08:54:53.974 [INFO ] [http-nio-8080-exec-1] org.springframework.web.servlet.FrameworkServlet.initServletBean:554 - Completed initialization in 2 ms
2025-02-07 08:54:54.068 [DEBUG] [http-nio-8080-exec-1] org.hibernate.engine.jdbc.spi.SqlStatementLogger.logStatement:135 - 
    select
        mp1_0.product_seqno,
        mp1_0.koushin_date,
        mp1_0.koushin_id,
        mp1_0.product_count,
        mp1_0.product_name,
        mp1_0.tourokusha_date,
        mp1_0.tourokusha_id 
    from
        product_kihon_joho mp1_0
2025-02-07 08:55:07.409 [DEBUG] [http-nio-8080-exec-8] org.hibernate.engine.jdbc.spi.SqlStatementLogger.logStatement:135 - 
    insert 
    into
        product_kihon_joho
        (koushin_date, koushin_id, product_count, product_name, tourokusha_date, tourokusha_id) 
    values
        (?, ?, ?, ?, ?, ?)
2025-02-07 08:55:07.447 [DEBUG] [http-nio-8080-exec-9] org.hibernate.engine.jdbc.spi.SqlStatementLogger.logStatement:135 - 
    select
        mp1_0.product_seqno,
        mp1_0.koushin_date,
        mp1_0.koushin_id,
        mp1_0.product_count,
        mp1_0.product_name,
        mp1_0.tourokusha_date,
        mp1_0.tourokusha_id 
    from
        product_kihon_joho mp1_0
2025-02-07 08:55:09.515 [DEBUG] [http-nio-8080-exec-2] org.hibernate.engine.jdbc.spi.SqlStatementLogger.logStatement:135 - 
    select
        mp1_0.product_seqno,
        mp1_0.koushin_date,
        mp1_0.koushin_id,
        mp1_0.product_count,
        mp1_0.product_name,
        mp1_0.tourokusha_date,
        mp1_0.tourokusha_id 
    from
        product_kihon_joho mp1_0 
    where
        mp1_0.product_seqno=?
2025-02-07 08:55:12.781 [DEBUG] [http-nio-8080-exec-7] org.hibernate.engine.jdbc.spi.SqlStatementLogger.logStatement:135 - 
    select
        mp1_0.product_seqno,
        mp1_0.koushin_date,
        mp1_0.koushin_id,
        mp1_0.product_count,
        mp1_0.product_name,
        mp1_0.tourokusha_date,
        mp1_0.tourokusha_id 
    from
        product_kihon_joho mp1_0 
    where
        mp1_0.product_seqno=?
2025-02-07 08:55:12.809 [DEBUG] [http-nio-8080-exec-7] org.hibernate.engine.jdbc.spi.SqlStatementLogger.logStatement:135 - 
    update
        product_kihon_joho 
    set
        koushin_date=?,
        koushin_id=?,
        product_count=?,
        product_name=?,
        tourokusha_date=?,
        tourokusha_id=? 
    where
        product_seqno=?
2025-02-07 08:55:12.828 [DEBUG] [http-nio-8080-exec-8] org.hibernate.engine.jdbc.spi.SqlStatementLogger.logStatement:135 - 
    select
        mp1_0.product_seqno,
        mp1_0.koushin_date,
        mp1_0.koushin_id,
        mp1_0.product_count,
        mp1_0.product_name,
        mp1_0.tourokusha_date,
        mp1_0.tourokusha_id 
    from
        product_kihon_joho mp1_0
2025-02-07 08:55:22.307 [DEBUG] [http-nio-8080-exec-5] org.hibernate.engine.jdbc.spi.SqlStatementLogger.logStatement:135 - 
    insert 
    into
        product_kihon_joho
        (koushin_date, koushin_id, product_count, product_name, tourokusha_date, tourokusha_id) 
    values
        (?, ?, ?, ?, ?, ?)
2025-02-07 08:55:22.338 [DEBUG] [http-nio-8080-exec-6] org.hibernate.engine.jdbc.spi.SqlStatementLogger.logStatement:135 - 
    select
        mp1_0.product_seqno,
        mp1_0.koushin_date,
        mp1_0.koushin_id,
        mp1_0.product_count,
        mp1_0.product_name,
        mp1_0.tourokusha_date,
        mp1_0.tourokusha_id 
    from
        product_kihon_joho mp1_0
2025-02-07 08:55:24.502 [DEBUG] [http-nio-8080-exec-10] org.hibernate.engine.jdbc.spi.SqlStatementLogger.logStatement:135 - 
    select
        mp1_0.product_seqno,
        mp1_0.koushin_date,
        mp1_0.koushin_id,
        mp1_0.product_count,
        mp1_0.product_name,
        mp1_0.tourokusha_date,
        mp1_0.tourokusha_id 
    from
        product_kihon_joho mp1_0 
    where
        mp1_0.product_seqno=?
2025-02-07 08:55:29.697 [DEBUG] [http-nio-8080-exec-4] org.hibernate.engine.jdbc.spi.SqlStatementLogger.logStatement:135 - 
    select
        mp1_0.product_seqno,
        mp1_0.koushin_date,
        mp1_0.koushin_id,
        mp1_0.product_count,
        mp1_0.product_name,
        mp1_0.tourokusha_date,
        mp1_0.tourokusha_id 
    from
        product_kihon_joho mp1_0 
    where
        mp1_0.product_seqno=?
2025-02-07 08:55:29.709 [DEBUG] [http-nio-8080-exec-4] org.hibernate.engine.jdbc.spi.SqlStatementLogger.logStatement:135 - 
    update
        product_kihon_joho 
    set
        koushin_date=?,
        koushin_id=?,
        product_count=?,
        product_name=?,
        tourokusha_date=?,
        tourokusha_id=? 
    where
        product_seqno=?
2025-02-07 08:55:29.725 [DEBUG] [http-nio-8080-exec-5] org.hibernate.engine.jdbc.spi.SqlStatementLogger.logStatement:135 - 
    select
        mp1_0.product_seqno,
        mp1_0.koushin_date,
        mp1_0.koushin_id,
        mp1_0.product_count,
        mp1_0.product_name,
        mp1_0.tourokusha_date,
        mp1_0.tourokusha_id 
    from
        product_kihon_joho mp1_0
2025-02-07 08:59:56.508 [DEBUG] [http-nio-8080-exec-9] org.hibernate.engine.jdbc.spi.SqlStatementLogger.logStatement:135 - 
    select
        mp1_0.product_seqno,
        mp1_0.koushin_date,
        mp1_0.koushin_id,
        mp1_0.product_count,
        mp1_0.product_name,
        mp1_0.tourokusha_date,
        mp1_0.tourokusha_id 
    from
        product_kihon_joho mp1_0
2025-02-07 08:59:57.086 [DEBUG] [http-nio-8080-exec-3] org.hibernate.engine.jdbc.spi.SqlStatementLogger.logStatement:135 - 
    select
        mp1_0.product_seqno,
        mp1_0.koushin_date,
        mp1_0.koushin_id,
        mp1_0.product_count,
        mp1_0.product_name,
        mp1_0.tourokusha_date,
        mp1_0.tourokusha_id 
    from
        product_kihon_joho mp1_0
2025-02-07 09:00:00.150 [INFO ] [RMI TCP Connection(12)-127.0.0.1] org.springframework.boot.admin.SpringApplicationAdminMXBeanRegistrar$SpringApplicationAdmin.shutdown:159 - Application shutdown requested.
2025-02-07 09:00:00.158 [INFO ] [RMI TCP Connection(12)-127.0.0.1] org.springframework.boot.web.embedded.tomcat.GracefulShutdown.shutDownGracefully:54 - Commencing graceful shutdown. Waiting for active requests to complete
2025-02-07 09:00:00.165 [INFO ] [tomcat-shutdown] org.springframework.boot.web.embedded.tomcat.GracefulShutdown.doShutdown:76 - Graceful shutdown complete
2025-02-07 09:00:00.173 [INFO ] [RMI TCP Connection(12)-127.0.0.1] org.springframework.orm.jpa.AbstractEntityManagerFactoryBean.destroy:660 - Closing JPA EntityManagerFactory for persistence unit 'default'
2025-02-07 09:00:08.889 [INFO ] [restartedMain] org.springframework.boot.StartupInfoLogger.logStarting:53 - Starting ProductManagerApplication using Java 17.0.6 with PID 40652 (/Users/sakat/git/ManegerProduct/product_manager/bin/main started by sakat in /Users/sakat/git/ManegerProduct/product_manager)
2025-02-07 09:00:08.891 [DEBUG] [restartedMain] org.springframework.boot.StartupInfoLogger.logStarting:54 - Running with Spring Boot v3.4.2, Spring v6.2.2
2025-02-07 09:00:08.892 [INFO ] [restartedMain] org.springframework.boot.SpringApplication.logStartupProfileInfo:658 - The following 1 profile is active: "develop"
2025-02-07 09:00:08.937 [INFO ] [restartedMain] org.springframework.boot.logging.DeferredLog.logTo:252 - Devtools property defaults active! Set 'spring.devtools.add-properties' to 'false' to disable
2025-02-07 09:00:08.938 [INFO ] [restartedMain] org.springframework.boot.logging.DeferredLog.logTo:252 - For additional web related logging consider setting the 'logging.level.web' property to 'DEBUG'
2025-02-07 09:00:09.665 [INFO ] [restartedMain] org.springframework.data.repository.config.RepositoryConfigurationDelegate.registerRepositoriesIn:143 - Bootstrapping Spring Data JPA repositories in DEFAULT mode.
2025-02-07 09:00:09.738 [INFO ] [restartedMain] org.springframework.data.repository.config.RepositoryConfigurationDelegate.registerRepositoriesIn:211 - Finished Spring Data repository scanning in 63 ms. Found 1 JPA repository interface.
2025-02-07 09:00:10.270 [INFO ] [restartedMain] org.springframework.boot.web.embedded.tomcat.TomcatWebServer.initialize:111 - Tomcat initialized with port 8080 (http)
2025-02-07 09:00:10.324 [INFO ] [restartedMain] org.springframework.boot.web.servlet.context.ServletWebServerApplicationContext.prepareWebApplicationContext:296 - Root WebApplicationContext: initialization completed in 1386 ms
2025-02-07 09:00:11.054 [INFO ] [restartedMain] org.springframework.orm.jpa.persistenceunit.SpringPersistenceUnitInfo.addTransformer:87 - No LoadTimeWeaver setup: ignoring JPA class transformer
2025-02-07 09:00:11.107 [WARN ] [restartedMain] org.hibernate.dialect.Dialect.checkVersion:354 - HHH000511: The 5.7.44 version for [org.hibernate.dialect.MySQLDialect] is no longer supported, hence certain features may not work properly. The minimum supported version is 8.0.0. Check the community dialects project for available legacy versions.
2025-02-07 09:00:11.736 [INFO ] [restartedMain] org.springframework.orm.jpa.AbstractEntityManagerFactoryBean.buildNativeEntityManagerFactory:447 - Initialized JPA EntityManagerFactory for persistence unit 'default'
2025-02-07 09:00:12.055 [WARN ] [restartedMain] org.springframework.boot.autoconfigure.orm.jpa.JpaBaseConfiguration$JpaWebConfiguration.openEntityManagerInViewInterceptor:241 - spring.jpa.open-in-view is enabled by default. Therefore, database queries may be performed during view rendering. Explicitly configure spring.jpa.open-in-view to disable this warning
2025-02-07 09:00:12.390 [INFO ] [restartedMain] org.springframework.boot.devtools.autoconfigure.OptionalLiveReloadServer.startServer:59 - LiveReload server is running on port 35729
2025-02-07 09:00:12.459 [INFO ] [restartedMain] org.springframework.boot.web.embedded.tomcat.TomcatWebServer.start:243 - Tomcat started on port 8080 (http) with context path '/'
2025-02-07 09:00:12.497 [INFO ] [restartedMain] org.springframework.boot.StartupInfoLogger.logStarted:59 - Started ProductManagerApplication in 4.223 seconds (process running for 5.066)
2025-02-07 09:00:17.221 [INFO ] [http-nio-8080-exec-1] org.springframework.web.servlet.FrameworkServlet.initServletBean:532 - Initializing Servlet 'dispatcherServlet'
2025-02-07 09:00:17.224 [INFO ] [http-nio-8080-exec-1] org.springframework.web.servlet.FrameworkServlet.initServletBean:554 - Completed initialization in 2 ms
2025-02-07 09:00:17.327 [DEBUG] [http-nio-8080-exec-1] org.hibernate.engine.jdbc.spi.SqlStatementLogger.logStatement:135 - 
    select
        mp1_0.product_seqno,
        mp1_0.koushin_date,
        mp1_0.koushin_id,
        mp1_0.product_count,
        mp1_0.product_name,
        mp1_0.tourokusha_date,
        mp1_0.tourokusha_id 
    from
        product_kihon_joho mp1_0
2025-02-07 09:00:23.552 [DEBUG] [http-nio-8080-exec-5] org.hibernate.engine.jdbc.spi.SqlStatementLogger.logStatement:135 - 
    select
        mp1_0.product_seqno,
        mp1_0.koushin_date,
        mp1_0.koushin_id,
        mp1_0.product_count,
        mp1_0.product_name,
        mp1_0.tourokusha_date,
        mp1_0.tourokusha_id 
    from
        product_kihon_joho mp1_0 
    where
        mp1_0.product_seqno=?
2025-02-07 09:00:25.025 [DEBUG] [http-nio-8080-exec-8] org.hibernate.engine.jdbc.spi.SqlStatementLogger.logStatement:135 - 
    select
        mp1_0.product_seqno,
        mp1_0.koushin_date,
        mp1_0.koushin_id,
        mp1_0.product_count,
        mp1_0.product_name,
        mp1_0.tourokusha_date,
        mp1_0.tourokusha_id 
    from
        product_kihon_joho mp1_0
